<?xml version="1.0" encoding="UTF-8"?>
<!-- Generated by org.testng.reporters.JUnitXMLReporter -->
<testsuite ignored="2" hostname="DESKTOP-H5NHACQ" failures="0" tests="1" name="Default test" time="130.716" errors="0" timestamp="2024-09-12T15:09:42 IST">
  <testcase classname="comcast.crm.BaseclassImplementation.CreateOrganizationTest" name="createOrgtest" time="119.429"/>
  <testcase classname="comcast.crm.BaseclassImplementation.CreateOrganizationTest" name="createOrgWithphonenumber" time="0.0">
    <ignored/>
  </testcase> <!-- createOrgWithphonenumber -->
  <testcase classname="comcast.crm.BaseclassImplementation.CreateOrganizationTest" name="createOrgWithIndustrytest" time="0.0">
    <ignored/>
  </testcase> <!-- createOrgWithIndustrytest -->
</testsuite> <!-- Default test -->
