<?xml version="1.0" encoding="UTF-8"?>
<!-- Generated by org.testng.reporters.JUnitXMLReporter -->
<testsuite ignored="2" hostname="DESKTOP-H5NHACQ" failures="0" tests="6" name="TestRunner-Chrome" time="57.88" errors="0" timestamp="2024-08-27T10:38:06 IST">
  <testcase classname="comcast.crm.BaseclassImplementation.CreateContactTest" name="createcontacTtest" time="15.551"/>
  <testcase classname="comcast.crm.BaseclassImplementation.CreateContactTest" name="createcontactWithOrgTest" time="0.0">
    <skipped/>
  </testcase> <!-- createcontactWithOrgTest -->
  <testcase classname="comcast.crm.BaseclassImplementation.CreateContactTest" name="createcontactWithSupportDateTest" time="0.0">
    <skipped/>
  </testcase> <!-- createcontactWithSupportDateTest -->
  <testcase classname="comcast.crm.BaseclassImplementation.CreateOrganizationTest" name="createOrgWithIndustrytest" time="0.0">
    <skipped/>
  </testcase> <!-- createOrgWithIndustrytest -->
  <testcase classname="comcast.crm.BaseclassImplementation.CreateOrganizationTest" name="createOrgWithphonenumber" time="0.001">
    <skipped/>
  </testcase> <!-- createOrgWithphonenumber -->
  <testcase classname="comcast.crm.BaseclassImplementation.CreateOrganizationTest" name="createOrgtest" time="0.005">
    <skipped/>
  </testcase> <!-- createOrgtest -->
  <testcase classname="com.comcast.crm.baseTest.BaseClass2" name="@BeforeSuite configBS" time="0.0">
    <ignored/>
  </testcase> <!-- @BeforeSuite configBS -->
  <testcase classname="com.comcast.crm.baseTest.BaseClass2" name="@AfterSuite configAS" time="0.0">
    <ignored/>
  </testcase> <!-- @AfterSuite configAS -->
</testsuite> <!-- TestRunner-Chrome -->
