<?xml version="1.0" encoding="UTF-8"?>
<!-- Generated by org.testng.reporters.JUnitXMLReporter -->
<testsuite ignored="2" hostname="DESKTOP-H5NHACQ" failures="0" tests="0" name="Test" time="10.04" errors="0" timestamp="2024-09-11T10:20:26 IST">
  <testcase classname="comcast.crm.BaseclassImplementation.CreateOrganizationTest" name="createOrgWithphonenumber" time="0.0">
    <ignored/>
  </testcase> <!-- createOrgWithphonenumber -->
  <testcase classname="comcast.crm.BaseclassImplementation.CreateOrganizationTest" name="createOrgWithIndustrytest" time="0.0">
    <ignored/>
  </testcase> <!-- createOrgWithIndustrytest -->
</testsuite> <!-- Test -->
